Current number of restarts: 
Pausing for 60 seconds...
Current number of restarts: 
Pausing for 60 seconds...
Current number of restarts: 
Pausing for 60 seconds...
Current number of restarts: 
Pausing for 60 seconds...
Current number of restarts: 0
Pausing for 60 seconds...
Current number of restarts: 
Pausing for 60 seconds...
Current number of restarts: 0
Pausing for 60 seconds...
Current number of restarts: 
Pausing for 60 seconds...
Current number of restarts: 0
Pausing for 60 seconds...
Current number of restarts: 
Pausing for 60 seconds...
Current number of restarts: 0
Pausing for 60 seconds...
Current number of restarts: 
Pausing for 60 seconds...
Current number of restarts: 0
Pausing for 60 seconds...
Current number of restarts: 
Pausing for 60 seconds...
Current number of restarts: 0
Pausing for 60 seconds...
Current number of restarts: 
Pausing for 60 seconds...
Current number of restarts: 0
Pausing for 60 seconds...
Current number of restarts: 
Pausing for 60 seconds...
Current number of restarts: 1
Pausing for 60 seconds...
Current number of restarts: 
Pausing for 60 seconds...
Current number of restarts: 1
Pausing for 60 seconds...
Current number of restarts: 
Pausing for 60 seconds...
Current number of restarts: 2
Pausing for 60 seconds...
Current number of restarts: 2
Pausing for 60 seconds...
Current number of restarts: 
Pausing for 60 seconds...
Current number of restarts: 2
Pausing for 60 seconds...
Current number of restarts: 3
Pausing for 60 seconds...
Current number of restarts: 
Pausing for 60 seconds...
Current number of restarts: 3
Pausing for 60 seconds...
Current number of restarts: 3
Pausing for 60 seconds...
Current number of restarts: 
Pausing for 60 seconds...
Current number of restarts: 4
Number of restarts exceeded maximum limit. Scaling down the deployment...
deployment.apps/swype-app scaled
Current number of restarts: 4
Number of restarts exceeded maximum limit. Scaling down the deployment...
deployment.apps/swype-app scaled
Current number of restarts: 
Pausing for 60 seconds...
Current number of restarts: 
Pausing for 60 seconds...
Current number of restarts: 
Pausing for 60 seconds...
Current number of restarts: 
Pausing for 60 seconds...
Current number of restarts: 
Pausing for 60 seconds...
Current number of restarts: 
Pausing for 60 seconds...
